# JRE version: OpenJDK Runtime Environment Temurin-21.0.8+9 (21.0.8+9) (build 21.0.8+9-LTS)
# Java VM: OpenJDK 64-Bit Server VM Temurin-21.0.8+9 (21.0.8+9-LTS, mixed mode, sharing, tiered, compressed oops, compressed class ptrs, parallel gc, windows-amd64)
GC Precious Log:
 CardTable entry size: 512
 CPUs: 8 total, 8 available
 Memory: 8023M
 Large Page Support: Disabled
 NUMA Support: Disabled
 Compressed Oops: Enabled (32-bit)
 Alignments: Space 512K, Generation 512K, Heap 2M
 Heap Min Capacity: 100M
 Heap Initial Capacity: 100M
 Heap Max Capacity: 2G
 Pre-touch: Disabled
 Parallel Workers: 8
Heap:
 PSYoungGen      total 12800K, used 4119K [0x00000000d5580000, 0x00000000d6580000, 0x0000000100000000)
  eden space 10240K, 18% used [0x00000000d5580000,0x00000000d574e5b8,0x00000000d5f80000)
  from space 2560K, 88% used [0x00000000d6300000,0x00000000d65376a0,0x00000000d6580000)
  to   space 2560K, 0% used [0x00000000d6080000,0x00000000d6080000,0x00000000d6300000)
 ParOldGen       total 241152K, used 135140K [0x0000000080000000, 0x000000008eb80000, 0x00000000d5580000)
  object space 241152K, 56% used [0x0000000080000000,0x00000000883f9210,0x000000008eb80000)
 Metaspace       used 75115K, committed 76736K, reserved 1179648K
  class space    used 7790K, committed 8512K, reserved 1048576K
GC Heap History (20 events):
Event: 163.101 GC heap before
{Heap before GC invocations=765 (full 4):
 PSYoungGen      total 11776K, used 11616K [0x00000000d5580000, 0x00000000d6380000, 0x0000000100000000)
  eden space 11264K, 100% used [0x00000000d5580000,0x00000000d6080000,0x00000000d6080000)
  from space 512K, 68% used [0x00000000d6300000,0x00000000d6358000,0x00000000d6380000)
  to   space 512K, 0% used [0x00000000d6280000,0x00000000d6280000,0x00000000d6300000)
 ParOldGen       total 241152K, used 128833K [0x0000000080000000, 0x000000008eb80000, 0x00000000d5580000)
  object space 241152K, 53% used [0x0000000080000000,0x0000000087dd0410,0x000000008eb80000)
 Metaspace       used 74944K, committed 76608K, reserved 1179648K
  class space    used 7788K, committed 8512K, reserved 1048576K
}
Event: 163.103 GC heap after
{Heap after GC invocations=765 (full 4):
 PSYoungGen      total 11776K, used 320K [0x00000000d5580000, 0x00000000d6380000, 0x0000000100000000)
  eden space 11264K, 0% used [0x00000000d5580000,0x00000000d5580000,0x00000000d6080000)
  from space 512K, 62% used [0x00000000d6280000,0x00000000d62d0000,0x00000000d6300000)
  to   space 512K, 0% used [0x00000000d6300000,0x00000000d6300000,0x00000000d6380000)
 ParOldGen       total 241152K, used 129065K [0x0000000080000000, 0x000000008eb80000, 0x00000000d5580000)
  object space 241152K, 53% used [0x0000000080000000,0x0000000087e0a410,0x000000008eb80000)
 Metaspace       used 74944K, committed 76608K, reserved 1179648K
  class space    used 7788K, committed 8512K, reserved 1048576K
}
Event: 163.116 GC heap before
{Heap before GC invocations=766 (full 4):
 PSYoungGen      total 11776K, used 11584K [0x00000000d5580000, 0x00000000d6380000, 0x0000000100000000)
  eden space 11264K, 100% used [0x00000000d5580000,0x00000000d6080000,0x00000000d6080000)
  from space 512K, 62% used [0x00000000d6280000,0x00000000d62d0000,0x00000000d6300000)
  to   space 512K, 0% used [0x00000000d6300000,0x00000000d6300000,0x00000000d6380000)
 ParOldGen       total 241152K, used 129065K [0x0000000080000000, 0x000000008eb80000, 0x00000000d5580000)
  object space 241152K, 53% used [0x0000000080000000,0x0000000087e0a410,0x000000008eb80000)
 Metaspace       used 74944K, committed 76608K, reserved 1179648K
  class space    used 7788K, committed 8512K, reserved 1048576K
}
Event: 163.118 GC heap after
{Heap after GC invocations=766 (full 4):
 PSYoungGen      total 11776K, used 320K [0x00000000d5580000, 0x00000000d6380000, 0x0000000100000000)
  eden space 11264K, 0% used [0x00000000d5580000,0x00000000d5580000,0x00000000d6080000)
  from space 512K, 62% used [0x00000000d6300000,0x00000000d6350000,0x00000000d6380000)
  to   space 512K, 0% used [0x00000000d6280000,0x00000000d6280000,0x00000000d6300000)
 ParOldGen       total 241152K, used 129305K [0x0000000080000000, 0x000000008eb80000, 0x00000000d5580000)
  object space 241152K, 53% used [0x0000000080000000,0x0000000087e46410,0x000000008eb80000)
 Metaspace       used 74944K, committed 76608K, reserved 1179648K
  class space    used 7788K, committed 8512K, reserved 1048576K
}
Event: 163.134 GC heap before
{Heap before GC invocations=767 (full 4):
 PSYoungGen      total 11776K, used 11584K [0x00000000d5580000, 0x00000000d6380000, 0x0000000100000000)
  eden space 11264K, 100% used [0x00000000d5580000,0x00000000d6080000,0x00000000d6080000)
  from space 512K, 62% used [0x00000000d6300000,0x00000000d6350000,0x00000000d6380000)
  to   space 512K, 0% used [0x00000000d6280000,0x00000000d6280000,0x00000000d6300000)
 ParOldGen       total 241152K, used 129305K [0x0000000080000000, 0x000000008eb80000, 0x00000000d5580000)
  object space 241152K, 53% used [0x0000000080000000,0x0000000087e46410,0x000000008eb80000)
 Metaspace       used 74944K, committed 76608K, reserved 1179648K
  class space    used 7788K, committed 8512K, reserved 1048576K
}
Event: 163.136 GC heap after
{Heap after GC invocations=767 (full 4):
 PSYoungGen      total 11776K, used 320K [0x00000000d5580000, 0x00000000d6380000, 0x0000000100000000)
  eden space 11264K, 0% used [0x00000000d5580000,0x00000000d5580000,0x00000000d6080000)
  from space 512K, 62% used [0x00000000d6280000,0x00000000d62d0000,0x00000000d6300000)
  to   space 512K, 0% used [0x00000000d6300000,0x00000000d6300000,0x00000000d6380000)
 ParOldGen       total 241152K, used 129545K [0x0000000080000000, 0x000000008eb80000, 0x00000000d5580000)
  object space 241152K, 53% used [0x0000000080000000,0x0000000087e82410,0x000000008eb80000)
 Metaspace       used 74944K, committed 76608K, reserved 1179648K
  class space    used 7788K, committed 8512K, reserved 1048576K
}
Event: 163.172 GC heap before
{Heap before GC invocations=768 (full 4):
 PSYoungGen      total 11776K, used 11584K [0x00000000d5580000, 0x00000000d6380000, 0x0000000100000000)
  eden space 11264K, 100% used [0x00000000d5580000,0x00000000d6080000,0x00000000d6080000)
  from space 512K, 62% used [0x00000000d6280000,0x00000000d62d0000,0x00000000d6300000)
  to   space 512K, 0% used [0x00000000d6300000,0x00000000d6300000,0x00000000d6380000)
 ParOldGen       total 241152K, used 129545K [0x0000000080000000, 0x000000008eb80000, 0x00000000d5580000)
  object space 241152K, 53% used [0x0000000080000000,0x0000000087e82410,0x000000008eb80000)
 Metaspace       used 74944K, committed 76608K, reserved 1179648K
  class space    used 7788K, committed 8512K, reserved 1048576K
}
Event: 163.174 GC heap after
{Heap after GC invocations=768 (full 4):
 PSYoungGen      total 11776K, used 320K [0x00000000d5580000, 0x00000000d6380000, 0x0000000100000000)
  eden space 11264K, 0% used [0x00000000d5580000,0x00000000d5580000,0x00000000d6080000)
  from space 512K, 62% used [0x00000000d6300000,0x00000000d6350000,0x00000000d6380000)
  to   space 512K, 0% used [0x00000000d6280000,0x00000000d6280000,0x00000000d6300000)
 ParOldGen       total 241152K, used 129785K [0x0000000080000000, 0x000000008eb80000, 0x00000000d5580000)
  object space 241152K, 53% used [0x0000000080000000,0x0000000087ebe410,0x000000008eb80000)
 Metaspace       used 74944K, committed 76608K, reserved 1179648K
  class space    used 7788K, committed 8512K, reserved 1048576K
}
Event: 163.191 GC heap before
{Heap before GC invocations=769 (full 4):
 PSYoungGen      total 11776K, used 11584K [0x00000000d5580000, 0x00000000d6380000, 0x0000000100000000)
  eden space 11264K, 100% used [0x00000000d5580000,0x00000000d6080000,0x00000000d6080000)
  from space 512K, 62% used [0x00000000d6300000,0x00000000d6350000,0x00000000d6380000)
  to   space 512K, 0% used [0x00000000d6280000,0x00000000d6280000,0x00000000d6300000)
 ParOldGen       total 241152K, used 129785K [0x0000000080000000, 0x000000008eb80000, 0x00000000d5580000)
  object space 241152K, 53% used [0x0000000080000000,0x0000000087ebe410,0x000000008eb80000)
 Metaspace       used 74944K, committed 76608K, reserved 1179648K
  class space    used 7788K, committed 8512K, reserved 1048576K
}
Event: 163.193 GC heap after
{Heap after GC invocations=769 (full 4):
 PSYoungGen      total 11776K, used 448K [0x00000000d5580000, 0x00000000d6380000, 0x0000000100000000)
  eden space 11264K, 0% used [0x00000000d5580000,0x00000000d5580000,0x00000000d6080000)
  from space 512K, 87% used [0x00000000d6280000,0x00000000d62f0000,0x00000000d6300000)
  to   space 512K, 0% used [0x00000000d6300000,0x00000000d6300000,0x00000000d6380000)
 ParOldGen       total 241152K, used 130033K [0x0000000080000000, 0x000000008eb80000, 0x00000000d5580000)
  object space 241152K, 53% used [0x0000000080000000,0x0000000087efc410,0x000000008eb80000)
 Metaspace       used 74944K, committed 76608K, reserved 1179648K
  class space    used 7788K, committed 8512K, reserved 1048576K
}
Event: 163.216 GC heap before
{Heap before GC invocations=770 (full 4):
 PSYoungGen      total 11776K, used 11712K [0x00000000d5580000, 0x00000000d6380000, 0x0000000100000000)
  eden space 11264K, 100% used [0x00000000d5580000,0x00000000d6080000,0x00000000d6080000)
  from space 512K, 87% used [0x00000000d6280000,0x00000000d62f0000,0x00000000d6300000)
  to   space 512K, 0% used [0x00000000d6300000,0x00000000d6300000,0x00000000d6380000)
 ParOldGen       total 241152K, used 130033K [0x0000000080000000, 0x000000008eb80000, 0x00000000d5580000)
  object space 241152K, 53% used [0x0000000080000000,0x0000000087efc410,0x000000008eb80000)
 Metaspace       used 74944K, committed 76608K, reserved 1179648K
  class space    used 7788K, committed 8512K, reserved 1048576K
}
Event: 163.218 GC heap after
{Heap after GC invocations=770 (full 4):
 PSYoungGen      total 11776K, used 340K [0x00000000d5580000, 0x00000000d6380000, 0x0000000100000000)
  eden space 11264K, 0% used [0x00000000d5580000,0x00000000d5580000,0x00000000d6080000)
  from space 512K, 66% used [0x00000000d6300000,0x00000000d6355200,0x00000000d6380000)
  to   space 512K, 0% used [0x00000000d6280000,0x00000000d6280000,0x00000000d6300000)
 ParOldGen       total 241152K, used 130363K [0x0000000080000000, 0x000000008eb80000, 0x00000000d5580000)
  object space 241152K, 54% used [0x0000000080000000,0x0000000087f4ecc0,0x000000008eb80000)
 Metaspace       used 74944K, committed 76608K, reserved 1179648K
  class space    used 7788K, committed 8512K, reserved 1048576K
}
Event: 163.244 GC heap before
{Heap before GC invocations=771 (full 4):
 PSYoungGen      total 11776K, used 11604K [0x00000000d5580000, 0x00000000d6380000, 0x0000000100000000)
  eden space 11264K, 100% used [0x00000000d5580000,0x00000000d6080000,0x00000000d6080000)
  from space 512K, 66% used [0x00000000d6300000,0x00000000d6355200,0x00000000d6380000)
  to   space 512K, 0% used [0x00000000d6280000,0x00000000d6280000,0x00000000d6300000)
 ParOldGen       total 241152K, used 130363K [0x0000000080000000, 0x000000008eb80000, 0x00000000d5580000)
  object space 241152K, 54% used [0x0000000080000000,0x0000000087f4ecc0,0x000000008eb80000)
 Metaspace       used 74944K, committed 76608K, reserved 1179648K
  class space    used 7788K, committed 8512K, reserved 1048576K
}
Event: 163.246 GC heap after
{Heap after GC invocations=771 (full 4):
 PSYoungGen      total 11776K, used 352K [0x00000000d5580000, 0x00000000d6380000, 0x0000000100000000)
  eden space 11264K, 0% used [0x00000000d5580000,0x00000000d5580000,0x00000000d6080000)
  from space 512K, 68% used [0x00000000d6280000,0x00000000d62d8000,0x00000000d6300000)
  to   space 512K, 0% used [0x00000000d6300000,0x00000000d6300000,0x00000000d6380000)
 ParOldGen       total 241152K, used 130599K [0x0000000080000000, 0x000000008eb80000, 0x00000000d5580000)
  object space 241152K, 54% used [0x0000000080000000,0x0000000087f89ec0,0x000000008eb80000)
 Metaspace       used 74944K, committed 76608K, reserved 1179648K
  class space    used 7788K, committed 8512K, reserved 1048576K
}
Event: 163.303 GC heap before
{Heap before GC invocations=772 (full 4):
 PSYoungGen      total 11776K, used 11616K [0x00000000d5580000, 0x00000000d6380000, 0x0000000100000000)
  eden space 11264K, 100% used [0x00000000d5580000,0x00000000d6080000,0x00000000d6080000)
  from space 512K, 68% used [0x00000000d6280000,0x00000000d62d8000,0x00000000d6300000)
  to   space 512K, 0% used [0x00000000d6300000,0x00000000d6300000,0x00000000d6380000)
 ParOldGen       total 241152K, used 130599K [0x0000000080000000, 0x000000008eb80000, 0x00000000d5580000)
  object space 241152K, 54% used [0x0000000080000000,0x0000000087f89ec0,0x000000008eb80000)
 Metaspace       used 74944K, committed 76608K, reserved 1179648K
  class space    used 7788K, committed 8512K, reserved 1048576K
}
Event: 163.313 GC heap after
{Heap after GC invocations=772 (full 4):
 PSYoungGen      total 10752K, used 510K [0x00000000d5580000, 0x00000000d6780000, 0x0000000100000000)
  eden space 10240K, 0% used [0x00000000d5580000,0x00000000d5580000,0x00000000d5f80000)
  from space 512K, 99% used [0x00000000d6300000,0x00000000d637fb10,0x00000000d6380000)
  to   space 3584K, 0% used [0x00000000d5f80000,0x00000000d5f80000,0x00000000d6300000)
 ParOldGen       total 241152K, used 132810K [0x0000000080000000, 0x000000008eb80000, 0x00000000d5580000)
  object space 241152K, 55% used [0x0000000080000000,0x00000000881b29e0,0x000000008eb80000)
 Metaspace       used 74944K, committed 76608K, reserved 1179648K
  class space    used 7788K, committed 8512K, reserved 1048576K
}
Event: 163.481 GC heap before
{Heap before GC invocations=773 (full 4):
 PSYoungGen      total 10752K, used 10750K [0x00000000d5580000, 0x00000000d6780000, 0x0000000100000000)
  eden space 10240K, 100% used [0x00000000d5580000,0x00000000d5f80000,0x00000000d5f80000)
  from space 512K, 99% used [0x00000000d6300000,0x00000000d637fb10,0x00000000d6380000)
  to   space 3584K, 0% used [0x00000000d5f80000,0x00000000d5f80000,0x00000000d6300000)
 ParOldGen       total 241152K, used 132810K [0x0000000080000000, 0x000000008eb80000, 0x00000000d5580000)
  object space 241152K, 55% used [0x0000000080000000,0x00000000881b29e0,0x000000008eb80000)
 Metaspace       used 74966K, committed 76608K, reserved 1179648K
  class space    used 7788K, committed 8512K, reserved 1048576K
}
Event: 163.486 GC heap after
{Heap after GC invocations=773 (full 4):
 PSYoungGen      total 13824K, used 3040K [0x00000000d5580000, 0x00000000d6680000, 0x0000000100000000)
  eden space 10240K, 0% used [0x00000000d5580000,0x00000000d5580000,0x00000000d5f80000)
  from space 3584K, 84% used [0x00000000d5f80000,0x00000000d6278000,0x00000000d6300000)
  to   space 3584K, 0% used [0x00000000d6300000,0x00000000d6300000,0x00000000d6680000)
 ParOldGen       total 241152K, used 133185K [0x0000000080000000, 0x000000008eb80000, 0x00000000d5580000)
  object space 241152K, 55% used [0x0000000080000000,0x00000000882104f0,0x000000008eb80000)
 Metaspace       used 74966K, committed 76608K, reserved 1179648K
  class space    used 7788K, committed 8512K, reserved 1048576K
}
Event: 163.858 GC heap before
{Heap before GC invocations=774 (full 4):
 PSYoungGen      total 13824K, used 13280K [0x00000000d5580000, 0x00000000d6680000, 0x0000000100000000)
  eden space 10240K, 100% used [0x00000000d5580000,0x00000000d5f80000,0x00000000d5f80000)
  from space 3584K, 84% used [0x00000000d5f80000,0x00000000d6278000,0x00000000d6300000)
  to   space 3584K, 0% used [0x00000000d6300000,0x00000000d6300000,0x00000000d6680000)
 ParOldGen       total 241152K, used 133185K [0x0000000080000000, 0x000000008eb80000, 0x00000000d5580000)
  object space 241152K, 55% used [0x0000000080000000,0x00000000882104f0,0x000000008eb80000)
 Metaspace       used 75088K, committed 76736K, reserved 1179648K
  class space    used 7790K, committed 8512K, reserved 1048576K
}
Event: 163.868 GC heap after
{Heap after GC invocations=774 (full 4):
 PSYoungGen      total 12800K, used 2269K [0x00000000d5580000, 0x00000000d6580000, 0x0000000100000000)
  eden space 10240K, 0% used [0x00000000d5580000,0x00000000d5580000,0x00000000d5f80000)
  from space 2560K, 88% used [0x00000000d6300000,0x00000000d65376a0,0x00000000d6580000)
  to   space 2560K, 0% used [0x00000000d6080000,0x00000000d6080000,0x00000000d6300000)
 ParOldGen       total 241152K, used 135140K [0x0000000080000000, 0x000000008eb80000, 0x00000000d5580000)
  object space 241152K, 56% used [0x0000000080000000,0x00000000883f9210,0x000000008eb80000)
 Metaspace       used 75088K, committed 76736K, reserved 1179648K
  class space    used 7790K, committed 8512K, reserved 1048576K
}

